# JRE version: OpenJDK Runtime Environment (11.0.10) (build 11.0.10+0-b96-7249189)
# Java VM: OpenJDK 64-Bit Server VM (11.0.10+0-b96-7249189, mixed mode, tiered, compressed oops, g1 gc, windows-amd64)
Heap:
 garbage-first heap   total 687104K, used 203769K [0x0000000080000000, 0x0000000100000000)
  region size 1024K, 4 young (4096K), 4 survivors (4096K)
 Metaspace       used 121074K, capacity 124461K, committed 124580K, reserved 1157120K
  class space    used 15629K, capacity 16869K, committed 16896K, reserved 1048576K
GC Heap History (20 events):
Event: 21.221 GC heap after
{Heap after GC invocations=41 (full 0):
 garbage-first heap   total 225280K, used 152356K [0x0000000080000000, 0x0000000100000000)
  region size 1024K, 7 young (7168K), 7 survivors (7168K)
 Metaspace       used 113570K, capacity 116652K, committed 116900K, reserved 1150976K
  class space    used 14492K, capacity 15591K, committed 15616K, reserved 1048576K
}
Event: 21.278 GC heap before
{Heap before GC invocations=41 (full 0):
 garbage-first heap   total 225280K, used 186148K [0x0000000080000000, 0x0000000100000000)
  region size 1024K, 41 young (41984K), 7 survivors (7168K)
 Metaspace       used 113843K, capacity 116963K, committed 117284K, reserved 1150976K
  class space    used 14528K, capacity 15632K, committed 15744K, reserved 1048576K
}
Event: 21.283 GC heap after
{Heap after GC invocations=42 (full 0):
 garbage-first heap   total 225280K, used 157035K [0x0000000080000000, 0x0000000100000000)
  region size 1024K, 6 young (6144K), 6 survivors (6144K)
 Metaspace       used 113843K, capacity 116963K, committed 117284K, reserved 1150976K
  class space    used 14528K, capacity 15632K, committed 15744K, reserved 1048576K
}
Event: 21.390 GC heap before
{Heap before GC invocations=43 (full 0):
 garbage-first heap   total 225280K, used 185707K [0x0000000080000000, 0x0000000100000000)
  region size 1024K, 35 young (35840K), 6 survivors (6144K)
 Metaspace       used 114590K, capacity 117708K, committed 117924K, reserved 1150976K
  class space    used 14640K, capacity 15755K, committed 15872K, reserved 1048576K
}
Event: 21.397 GC heap after
{Heap after GC invocations=44 (full 0):
 garbage-first heap   total 225280K, used 160768K [0x0000000080000000, 0x0000000100000000)
  region size 1024K, 5 young (5120K), 5 survivors (5120K)
 Metaspace       used 114590K, capacity 117708K, committed 117924K, reserved 1150976K
  class space    used 14640K, capacity 15755K, committed 15872K, reserved 1048576K
}
Event: 21.418 GC heap before
{Heap before GC invocations=44 (full 0):
 garbage-first heap   total 225280K, used 166912K [0x0000000080000000, 0x0000000100000000)
  region size 1024K, 11 young (11264K), 5 survivors (5120K)
 Metaspace       used 114619K, capacity 117708K, committed 117924K, reserved 1150976K
  class space    used 14641K, capacity 15755K, committed 15872K, reserved 1048576K
}
Event: 21.430 GC heap after
{Heap after GC invocations=45 (full 0):
 garbage-first heap   total 225280K, used 157762K [0x0000000080000000, 0x0000000100000000)
  region size 1024K, 2 young (2048K), 2 survivors (2048K)
 Metaspace       used 114619K, capacity 117708K, committed 117924K, reserved 1150976K
  class space    used 14641K, capacity 15755K, committed 15872K, reserved 1048576K
}
Event: 21.514 GC heap before
{Heap before GC invocations=45 (full 0):
 garbage-first heap   total 225280K, used 185410K [0x0000000080000000, 0x0000000100000000)
  region size 1024K, 29 young (29696K), 2 survivors (2048K)
 Metaspace       used 114719K, capacity 117873K, committed 118180K, reserved 1150976K
  class space    used 14642K, capacity 15788K, committed 15872K, reserved 1048576K
}
Event: 21.527 GC heap after
{Heap after GC invocations=46 (full 0):
 garbage-first heap   total 225280K, used 163840K [0x0000000080000000, 0x0000000100000000)
  region size 1024K, 4 young (4096K), 4 survivors (4096K)
 Metaspace       used 114719K, capacity 117873K, committed 118180K, reserved 1150976K
  class space    used 14642K, capacity 15788K, committed 15872K, reserved 1048576K
}
Event: 21.634 GC heap before
{Heap before GC invocations=46 (full 0):
 garbage-first heap   total 225280K, used 187392K [0x0000000080000000, 0x0000000100000000)
  region size 1024K, 28 young (28672K), 4 survivors (4096K)
 Metaspace       used 114925K, capacity 118043K, committed 118180K, reserved 1150976K
  class space    used 14672K, capacity 15802K, committed 15872K, reserved 1048576K
}
Event: 21.644 GC heap after
{Heap after GC invocations=47 (full 0):
 garbage-first heap   total 225280K, used 168917K [0x0000000080000000, 0x0000000100000000)
  region size 1024K, 4 young (4096K), 4 survivors (4096K)
 Metaspace       used 114925K, capacity 118043K, committed 118180K, reserved 1150976K
  class space    used 14672K, capacity 15802K, committed 15872K, reserved 1048576K
}
Event: 21.759 GC heap before
{Heap before GC invocations=47 (full 0):
 garbage-first heap   total 225280K, used 190421K [0x0000000080000000, 0x0000000100000000)
  region size 1024K, 25 young (25600K), 4 survivors (4096K)
 Metaspace       used 115269K, capacity 118404K, committed 118692K, reserved 1153024K
  class space    used 14708K, capacity 15835K, committed 15872K, reserved 1048576K
}
Event: 21.775 GC heap after
{Heap after GC invocations=48 (full 0):
 garbage-first heap   total 316416K, used 173846K [0x0000000080000000, 0x0000000100000000)
  region size 1024K, 4 young (4096K), 4 survivors (4096K)
 Metaspace       used 115269K, capacity 118404K, committed 118692K, reserved 1153024K
  class space    used 14708K, capacity 15835K, committed 15872K, reserved 1048576K
}
Event: 22.038 GC heap before
{Heap before GC invocations=49 (full 0):
 garbage-first heap   total 316416K, used 242454K [0x0000000080000000, 0x0000000100000000)
  region size 1024K, 71 young (72704K), 4 survivors (4096K)
 Metaspace       used 116071K, capacity 119148K, committed 119332K, reserved 1153024K
  class space    used 14815K, capacity 15931K, committed 16000K, reserved 1048576K
}
Event: 22.064 GC heap after
{Heap after GC invocations=50 (full 0):
 garbage-first heap   total 316416K, used 187719K [0x0000000080000000, 0x0000000100000000)
  region size 1024K, 9 young (9216K), 9 survivors (9216K)
 Metaspace       used 116071K, capacity 119148K, committed 119332K, reserved 1153024K
  class space    used 14815K, capacity 15931K, committed 16000K, reserved 1048576K
}
Event: 22.205 GC heap before
{Heap before GC invocations=50 (full 0):
 garbage-first heap   total 316416K, used 249159K [0x0000000080000000, 0x0000000100000000)
  region size 1024K, 69 young (70656K), 9 survivors (9216K)
 Metaspace       used 117309K, capacity 120461K, committed 120612K, reserved 1153024K
  class space    used 15034K, capacity 16180K, committed 16256K, reserved 1048576K
}
Event: 22.229 GC heap after
{Heap after GC invocations=51 (full 0):
 garbage-first heap   total 316416K, used 199206K [0x0000000080000000, 0x0000000100000000)
  region size 1024K, 9 young (9216K), 9 survivors (9216K)
 Metaspace       used 117309K, capacity 120461K, committed 120612K, reserved 1153024K
  class space    used 15034K, capacity 16180K, committed 16256K, reserved 1048576K
}
Event: 22.661 GC heap before
{Heap before GC invocations=51 (full 0):
 garbage-first heap   total 316416K, used 254502K [0x0000000080000000, 0x0000000100000000)
  region size 1024K, 63 young (64512K), 9 survivors (9216K)
 Metaspace       used 120650K, capacity 124071K, committed 124324K, reserved 1157120K
  class space    used 15570K, capacity 16825K, committed 16896K, reserved 1048576K
}
Event: 22.680 GC heap after
{Heap after GC invocations=52 (full 0):
 garbage-first heap   total 316416K, used 203615K [0x0000000080000000, 0x0000000100000000)
  region size 1024K, 4 young (4096K), 4 survivors (4096K)
 Metaspace       used 120650K, capacity 124071K, committed 124324K, reserved 1157120K
  class space    used 15570K, capacity 16825K, committed 16896K, reserved 1048576K
}
Event: 22.888 GC heap before
{Heap before GC invocations=53 (full 0):
 garbage-first heap   total 316416K, used 258911K [0x0000000080000000, 0x0000000100000000)
  region size 1024K, 58 young (59392K), 4 survivors (4096K)
 Metaspace       used 121074K, capacity 124461K, committed 124580K, reserved 1157120K
  class space    used 15629K, capacity 16869K, committed 16896K, reserved 1048576K
}

