# JRE version: OpenJDK Runtime Environment (11.0.10) (build 11.0.10+0-b96-7249189)
# Java VM: OpenJDK 64-Bit Server VM (11.0.10+0-b96-7249189, mixed mode, tiered, compressed oops, g1 gc, windows-amd64)
Heap:
 garbage-first heap   total 173056K, used 53144K [0x0000000083400000, 0x0000000100000000)
  region size 1024K, 15 young (15360K), 10 survivors (10240K)
 Metaspace       used 58029K, capacity 58739K, committed 58960K, reserved 1101824K
  class space    used 6684K, capacity 6954K, committed 7040K, reserved 1048576K
GC Heap History (14 events):
Event: 0.467 GC heap before
{Heap before GC invocations=0 (full 0):
 garbage-first heap   total 129024K, used 27648K [0x0000000083400000, 0x0000000100000000)
  region size 1024K, 24 young (24576K), 0 survivors (0K)
 Metaspace       used 12315K, capacity 12405K, committed 12544K, reserved 1060864K
  class space    used 1155K, capacity 1174K, committed 1280K, reserved 1048576K
}
Event: 0.472 GC heap after
{Heap after GC invocations=1 (full 0):
 garbage-first heap   total 129024K, used 5658K [0x0000000083400000, 0x0000000100000000)
  region size 1024K, 3 young (3072K), 3 survivors (3072K)
 Metaspace       used 12315K, capacity 12405K, committed 12544K, reserved 1060864K
  class space    used 1155K, capacity 1174K, committed 1280K, reserved 1048576K
}
Event: 0.915 GC heap before
{Heap before GC invocations=1 (full 0):
 garbage-first heap   total 129024K, used 42522K [0x0000000083400000, 0x0000000100000000)
  region size 1024K, 40 young (40960K), 3 survivors (3072K)
 Metaspace       used 21033K, capacity 21199K, committed 21248K, reserved 1069056K
  class space    used 2219K, capacity 2299K, committed 2304K, reserved 1048576K
}
Event: 0.924 GC heap after
{Heap after GC invocations=2 (full 0):
 garbage-first heap   total 129024K, used 9547K [0x0000000083400000, 0x0000000100000000)
  region size 1024K, 7 young (7168K), 7 survivors (7168K)
 Metaspace       used 21033K, capacity 21199K, committed 21248K, reserved 1069056K
  class space    used 2219K, capacity 2299K, committed 2304K, reserved 1048576K
}
Event: 1.742 GC heap before
{Heap before GC invocations=3 (full 0):
 garbage-first heap   total 129024K, used 73035K [0x0000000083400000, 0x0000000100000000)
  region size 1024K, 57 young (58368K), 7 survivors (7168K)
 Metaspace       used 30378K, capacity 30857K, committed 31228K, reserved 1077248K
  class space    used 3562K, capacity 3740K, committed 3840K, reserved 1048576K
}
Event: 1.761 GC heap after
{Heap after GC invocations=4 (full 0):
 garbage-first heap   total 129024K, used 24387K [0x0000000083400000, 0x0000000100000000)
  region size 1024K, 8 young (8192K), 8 survivors (8192K)
 Metaspace       used 30378K, capacity 30857K, committed 31228K, reserved 1077248K
  class space    used 3562K, capacity 3740K, committed 3840K, reserved 1048576K
}
Event: 2.333 GC heap before
{Heap before GC invocations=4 (full 0):
 garbage-first heap   total 129024K, used 48963K [0x0000000083400000, 0x0000000100000000)
  region size 1024K, 33 young (33792K), 8 survivors (8192K)
 Metaspace       used 35453K, capacity 35890K, committed 36048K, reserved 1081344K
  class space    used 4134K, capacity 4328K, committed 4352K, reserved 1048576K
}
Event: 2.359 GC heap after
{Heap after GC invocations=5 (full 0):
 garbage-first heap   total 129024K, used 25194K [0x0000000083400000, 0x0000000100000000)
  region size 1024K, 3 young (3072K), 3 survivors (3072K)
 Metaspace       used 35453K, capacity 35890K, committed 36048K, reserved 1081344K
  class space    used 4134K, capacity 4328K, committed 4352K, reserved 1048576K
}
Event: 3.424 GC heap before
{Heap before GC invocations=6 (full 0):
 garbage-first heap   total 129024K, used 76394K [0x0000000083400000, 0x0000000100000000)
  region size 1024K, 50 young (51200K), 3 survivors (3072K)
 Metaspace       used 45665K, capacity 46269K, committed 46544K, reserved 1089536K
  class space    used 5369K, capacity 5584K, committed 5632K, reserved 1048576K
}
Event: 3.447 GC heap after
{Heap after GC invocations=7 (full 0):
 garbage-first heap   total 173056K, used 32431K [0x0000000083400000, 0x0000000100000000)
  region size 1024K, 7 young (7168K), 7 survivors (7168K)
 Metaspace       used 45665K, capacity 46269K, committed 46544K, reserved 1089536K
  class space    used 5369K, capacity 5584K, committed 5632K, reserved 1048576K
}
Event: 4.461 GC heap before
{Heap before GC invocations=8 (full 0):
 garbage-first heap   total 173056K, used 98991K [0x0000000083400000, 0x0000000100000000)
  region size 1024K, 72 young (73728K), 7 survivors (7168K)
 Metaspace       used 53015K, capacity 53666K, committed 53840K, reserved 1097728K
  class space    used 6227K, capacity 6495K, committed 6528K, reserved 1048576K
}
Event: 4.476 GC heap after
{Heap after GC invocations=9 (full 0):
 garbage-first heap   total 173056K, used 38126K [0x0000000083400000, 0x0000000100000000)
  region size 1024K, 9 young (9216K), 9 survivors (9216K)
 Metaspace       used 53015K, capacity 53666K, committed 53840K, reserved 1097728K
  class space    used 6227K, capacity 6495K, committed 6528K, reserved 1048576K
}
Event: 6.234 GC heap before
{Heap before GC invocations=9 (full 0):
 garbage-first heap   total 173056K, used 108782K [0x0000000083400000, 0x0000000100000000)
  region size 1024K, 78 young (79872K), 9 survivors (9216K)
 Metaspace       used 57432K, capacity 58152K, committed 58320K, reserved 1101824K
  class space    used 6626K, capacity 6912K, committed 6912K, reserved 1048576K
}
Event: 6.265 GC heap after
{Heap after GC invocations=10 (full 0):
 garbage-first heap   total 173056K, used 49048K [0x0000000083400000, 0x0000000100000000)
  region size 1024K, 10 young (10240K), 10 survivors (10240K)
 Metaspace       used 57432K, capacity 58152K, committed 58320K, reserved 1101824K
  class space    used 6626K, capacity 6912K, committed 6912K, reserved 1048576K
}

