# JRE version: OpenJDK Runtime Environment (11.0.10) (build 11.0.10+0-b96-7249189)
# Java VM: OpenJDK 64-Bit Server VM (11.0.10+0-b96-7249189, mixed mode, tiered, compressed oops, g1 gc, windows-amd64)
Heap:
 garbage-first heap   total 476160K, used 160726K [0x0000000080000000, 0x0000000100000000)
  region size 1024K, 2 young (2048K), 2 survivors (2048K)
 Metaspace       used 99413K, capacity 102023K, committed 102604K, reserved 1138688K
  class space    used 13036K, capacity 14018K, committed 14284K, reserved 1048576K
GC Heap History (20 events):
Event: 10.340 GC heap after
{Heap after GC invocations=26 (full 0):
 garbage-first heap   total 187392K, used 87799K [0x0000000080000000, 0x0000000100000000)
  region size 1024K, 5 young (5120K), 5 survivors (5120K)
 Metaspace       used 85104K, capacity 87341K, committed 87500K, reserved 1124352K
  class space    used 11027K, capacity 11891K, committed 11980K, reserved 1048576K
}
Event: 10.818 GC heap before
{Heap before GC invocations=26 (full 0):
 garbage-first heap   total 187392K, used 144119K [0x0000000080000000, 0x0000000100000000)
  region size 1024K, 61 young (62464K), 5 survivors (5120K)
 Metaspace       used 88757K, capacity 91006K, committed 91212K, reserved 1128448K
  class space    used 11489K, capacity 12344K, committed 12364K, reserved 1048576K
}
Event: 10.824 GC heap after
{Heap after GC invocations=27 (full 0):
 garbage-first heap   total 187392K, used 91076K [0x0000000080000000, 0x0000000100000000)
  region size 1024K, 4 young (4096K), 4 survivors (4096K)
 Metaspace       used 88757K, capacity 91006K, committed 91212K, reserved 1128448K
  class space    used 11489K, capacity 12344K, committed 12364K, reserved 1048576K
}
Event: 11.168 GC heap before
{Heap before GC invocations=27 (full 0):
 garbage-first heap   total 187392K, used 146372K [0x0000000080000000, 0x0000000100000000)
  region size 1024K, 59 young (60416K), 4 survivors (4096K)
 Metaspace       used 89072K, capacity 91327K, committed 91468K, reserved 1128448K
  class space    used 11511K, capacity 12352K, committed 12364K, reserved 1048576K
}
Event: 11.176 GC heap after
{Heap after GC invocations=28 (full 0):
 garbage-first heap   total 225280K, used 95169K [0x0000000080000000, 0x0000000100000000)
  region size 1024K, 8 young (8192K), 8 survivors (8192K)
 Metaspace       used 89072K, capacity 91327K, committed 91468K, reserved 1128448K
  class space    used 11511K, capacity 12352K, committed 12364K, reserved 1048576K
}
Event: 11.501 GC heap before
{Heap before GC invocations=29 (full 0):
 garbage-first heap   total 225280K, used 169921K [0x0000000080000000, 0x0000000100000000)
  region size 1024K, 83 young (84992K), 8 survivors (8192K)
 Metaspace       used 89576K, capacity 91705K, committed 92364K, reserved 1128448K
  class space    used 11524K, capacity 12276K, committed 12492K, reserved 1048576K
}
Event: 11.511 GC heap after
{Heap after GC invocations=30 (full 0):
 garbage-first heap   total 225280K, used 111054K [0x0000000080000000, 0x0000000100000000)
  region size 1024K, 11 young (11264K), 11 survivors (11264K)
 Metaspace       used 89576K, capacity 91705K, committed 92364K, reserved 1128448K
  class space    used 11524K, capacity 12276K, committed 12492K, reserved 1048576K
}
Event: 11.780 GC heap before
{Heap before GC invocations=30 (full 0):
 garbage-first heap   total 225280K, used 172494K [0x0000000080000000, 0x0000000100000000)
  region size 1024K, 72 young (73728K), 11 survivors (11264K)
 Metaspace       used 92372K, capacity 94687K, committed 95052K, reserved 1132544K
  class space    used 11949K, capacity 12798K, committed 12876K, reserved 1048576K
}
Event: 11.790 GC heap after
{Heap after GC invocations=31 (full 0):
 garbage-first heap   total 225280K, used 119139K [0x0000000080000000, 0x0000000100000000)
  region size 1024K, 9 young (9216K), 9 survivors (9216K)
 Metaspace       used 92372K, capacity 94687K, committed 95052K, reserved 1132544K
  class space    used 11949K, capacity 12798K, committed 12876K, reserved 1048576K
}
Event: 11.990 GC heap before
{Heap before GC invocations=31 (full 0):
 garbage-first heap   total 225280K, used 174435K [0x0000000080000000, 0x0000000100000000)
  region size 1024K, 63 young (64512K), 9 survivors (9216K)
 Metaspace       used 92781K, capacity 95144K, committed 95308K, reserved 1132544K
  class space    used 11995K, capacity 12865K, committed 12876K, reserved 1048576K
}
Event: 12.018 GC heap after
{Heap after GC invocations=32 (full 0):
 garbage-first heap   total 225280K, used 131284K [0x0000000080000000, 0x0000000100000000)
  region size 1024K, 8 young (8192K), 8 survivors (8192K)
 Metaspace       used 92781K, capacity 95144K, committed 95308K, reserved 1132544K
  class space    used 11995K, capacity 12865K, committed 12876K, reserved 1048576K
}
Event: 12.229 GC heap before
{Heap before GC invocations=32 (full 0):
 garbage-first heap   total 225280K, used 178388K [0x0000000080000000, 0x0000000100000000)
  region size 1024K, 54 young (55296K), 8 survivors (8192K)
 Metaspace       used 93749K, capacity 95996K, committed 96332K, reserved 1132544K
  class space    used 12119K, capacity 12974K, committed 13132K, reserved 1048576K
}
Event: 12.254 GC heap after
{Heap after GC invocations=33 (full 0):
 garbage-first heap   total 285696K, used 140566K [0x0000000080000000, 0x0000000100000000)
  region size 1024K, 7 young (7168K), 7 survivors (7168K)
 Metaspace       used 93749K, capacity 95996K, committed 96332K, reserved 1132544K
  class space    used 12119K, capacity 12974K, committed 13132K, reserved 1048576K
}
Event: 12.489 GC heap before
{Heap before GC invocations=34 (full 0):
 garbage-first heap   total 285696K, used 208150K [0x0000000080000000, 0x0000000100000000)
  region size 1024K, 73 young (74752K), 7 survivors (7168K)
 Metaspace       used 94680K, capacity 96967K, committed 97228K, reserved 1132544K
  class space    used 12242K, capacity 13103K, committed 13260K, reserved 1048576K
}
Event: 12.510 GC heap after
{Heap after GC invocations=35 (full 0):
 garbage-first heap   total 285696K, used 154590K [0x0000000080000000, 0x0000000100000000)
  region size 1024K, 10 young (10240K), 10 survivors (10240K)
 Metaspace       used 94680K, capacity 96967K, committed 97228K, reserved 1132544K
  class space    used 12242K, capacity 13103K, committed 13260K, reserved 1048576K
}
Event: 12.724 GC heap before
{Heap before GC invocations=35 (full 0):
 garbage-first heap   total 285696K, used 217054K [0x0000000080000000, 0x0000000100000000)
  region size 1024K, 72 young (73728K), 10 survivors (10240K)
 Metaspace       used 97686K, capacity 100322K, committed 100428K, reserved 1136640K
  class space    used 12816K, capacity 13820K, committed 13900K, reserved 1048576K
}
Event: 12.754 GC heap after
{Heap after GC invocations=36 (full 0):
 garbage-first heap   total 285696K, used 165107K [0x0000000080000000, 0x0000000100000000)
  region size 1024K, 9 young (9216K), 9 survivors (9216K)
 Metaspace       used 97686K, capacity 100322K, committed 100428K, reserved 1136640K
  class space    used 12816K, capacity 13820K, committed 13900K, reserved 1048576K
}
Event: 13.225 GC heap before
{Heap before GC invocations=37 (full 0):
 garbage-first heap   total 285696K, used 225523K [0x0000000080000000, 0x0000000100000000)
  region size 1024K, 68 young (69632K), 9 survivors (9216K)
 Metaspace       used 99250K, capacity 101815K, committed 102348K, reserved 1136640K
  class space    used 13018K, capacity 14016K, committed 14284K, reserved 1048576K
}
Event: 13.244 GC heap after
{Heap after GC invocations=38 (full 0):
 garbage-first heap   total 285696K, used 167351K [0x0000000080000000, 0x0000000100000000)
  region size 1024K, 2 young (2048K), 2 survivors (2048K)
 Metaspace       used 99250K, capacity 101815K, committed 102348K, reserved 1136640K
  class space    used 13018K, capacity 14016K, committed 14284K, reserved 1048576K
}
Event: 13.320 GC heap before
{Heap before GC invocations=38 (full 0):
 garbage-first heap   total 285696K, used 178615K [0x0000000080000000, 0x0000000100000000)
  region size 1024K, 13 young (13312K), 2 survivors (2048K)
 Metaspace       used 99413K, capacity 102023K, committed 102604K, reserved 1138688K
  class space    used 13036K, capacity 14018K, committed 14284K, reserved 1048576K
}

