# JRE version: OpenJDK Runtime Environment (11.0.10) (build 11.0.10+0-b96-7249189)
# Java VM: OpenJDK 64-Bit Server VM (11.0.10+0-b96-7249189, mixed mode, tiered, compressed oops, g1 gc, windows-amd64)
Heap:
 garbage-first heap   total 225280K, used 139599K [0x0000000080000000, 0x0000000100000000)
  region size 1024K, 31 young (31744K), 10 survivors (10240K)
 Metaspace       used 92388K, capacity 94677K, committed 95052K, reserved 1132544K
  class space    used 11945K, capacity 12793K, committed 12876K, reserved 1048576K
GC Heap History (20 events):
Event: 6.189 GC heap before
{Heap before GC invocations=16 (full 0):
 garbage-first heap   total 155648K, used 115988K [0x0000000080000000, 0x0000000100000000)
  region size 1024K, 63 young (64512K), 6 survivors (6144K)
 Metaspace       used 66674K, capacity 68243K, committed 68428K, reserved 1107968K
  class space    used 8442K, capacity 9023K, committed 9036K, reserved 1048576K
}
Event: 6.195 GC heap after
{Heap after GC invocations=17 (full 0):
 garbage-first heap   total 187392K, used 62526K [0x0000000080000000, 0x0000000100000000)
  region size 1024K, 5 young (5120K), 5 survivors (5120K)
 Metaspace       used 66674K, capacity 68243K, committed 68428K, reserved 1107968K
  class space    used 8442K, capacity 9023K, committed 9036K, reserved 1048576K
}
Event: 6.841 GC heap before
{Heap before GC invocations=17 (full 0):
 garbage-first heap   total 187392K, used 132158K [0x0000000080000000, 0x0000000100000000)
  region size 1024K, 73 young (74752K), 5 survivors (5120K)
 Metaspace       used 74282K, capacity 76016K, committed 76108K, reserved 1116160K
  class space    used 9632K, capacity 10263K, committed 10316K, reserved 1048576K
}
Event: 6.848 GC heap after
{Heap after GC invocations=18 (full 0):
 garbage-first heap   total 187392K, used 66543K [0x0000000080000000, 0x0000000100000000)
  region size 1024K, 9 young (9216K), 9 survivors (9216K)
 Metaspace       used 74282K, capacity 76016K, committed 76108K, reserved 1116160K
  class space    used 9632K, capacity 10263K, committed 10316K, reserved 1048576K
}
Event: 7.521 GC heap before
{Heap before GC invocations=18 (full 0):
 garbage-first heap   total 187392K, used 142319K [0x0000000080000000, 0x0000000100000000)
  region size 1024K, 78 young (79872K), 9 survivors (9216K)
 Metaspace       used 80557K, capacity 82301K, committed 82636K, reserved 1120256K
  class space    used 10445K, capacity 11095K, committed 11212K, reserved 1048576K
}
Event: 7.530 GC heap after
{Heap after GC invocations=19 (full 0):
 garbage-first heap   total 187392K, used 71436K [0x0000000080000000, 0x0000000100000000)
  region size 1024K, 9 young (9216K), 9 survivors (9216K)
 Metaspace       used 80557K, capacity 82301K, committed 82636K, reserved 1120256K
  class space    used 10445K, capacity 11095K, committed 11212K, reserved 1048576K
}
Event: 8.043 GC heap before
{Heap before GC invocations=19 (full 0):
 garbage-first heap   total 187392K, used 141068K [0x0000000080000000, 0x0000000100000000)
  region size 1024K, 78 young (79872K), 9 survivors (9216K)
 Metaspace       used 83503K, capacity 85765K, committed 85836K, reserved 1124352K
  class space    used 10941K, capacity 11782K, committed 11852K, reserved 1048576K
}
Event: 8.054 GC heap after
{Heap after GC invocations=20 (full 0):
 garbage-first heap   total 187392K, used 78476K [0x0000000080000000, 0x0000000100000000)
  region size 1024K, 10 young (10240K), 10 survivors (10240K)
 Metaspace       used 83503K, capacity 85765K, committed 85836K, reserved 1124352K
  class space    used 10941K, capacity 11782K, committed 11852K, reserved 1048576K
}
Event: 8.275 GC heap before
{Heap before GC invocations=20 (full 0):
 garbage-first heap   total 187392K, used 144012K [0x0000000080000000, 0x0000000100000000)
  region size 1024K, 75 young (76800K), 10 survivors (10240K)
 Metaspace       used 83786K, capacity 86072K, committed 86348K, reserved 1124352K
  class space    used 10946K, capacity 11789K, committed 11852K, reserved 1048576K
}
Event: 8.284 GC heap after
{Heap after GC invocations=21 (full 0):
 garbage-first heap   total 187392K, used 83903K [0x0000000080000000, 0x0000000100000000)
  region size 1024K, 6 young (6144K), 6 survivors (6144K)
 Metaspace       used 83786K, capacity 86072K, committed 86348K, reserved 1124352K
  class space    used 10946K, capacity 11789K, committed 11852K, reserved 1048576K
}
Event: 8.560 GC heap before
{Heap before GC invocations=21 (full 0):
 garbage-first heap   total 187392K, used 147391K [0x0000000080000000, 0x0000000100000000)
  region size 1024K, 69 young (70656K), 6 survivors (6144K)
 Metaspace       used 84408K, capacity 86670K, committed 86860K, reserved 1124352K
  class space    used 10992K, capacity 11843K, committed 11852K, reserved 1048576K
}
Event: 8.566 GC heap after
{Heap after GC invocations=22 (full 0):
 garbage-first heap   total 187392K, used 87239K [0x0000000080000000, 0x0000000100000000)
  region size 1024K, 6 young (6144K), 6 survivors (6144K)
 Metaspace       used 84408K, capacity 86670K, committed 86860K, reserved 1124352K
  class space    used 10992K, capacity 11843K, committed 11852K, reserved 1048576K
}
Event: 8.939 GC heap before
{Heap before GC invocations=22 (full 0):
 garbage-first heap   total 187392K, used 148679K [0x0000000080000000, 0x0000000100000000)
  region size 1024K, 67 young (68608K), 6 survivors (6144K)
 Metaspace       used 88392K, capacity 90727K, committed 90956K, reserved 1128448K
  class space    used 11455K, capacity 12313K, committed 12364K, reserved 1048576K
}
Event: 8.944 GC heap after
{Heap after GC invocations=23 (full 0):
 garbage-first heap   total 187392K, used 90311K [0x0000000080000000, 0x0000000100000000)
  region size 1024K, 4 young (4096K), 4 survivors (4096K)
 Metaspace       used 88392K, capacity 90727K, committed 90956K, reserved 1128448K
  class space    used 11455K, capacity 12313K, committed 12364K, reserved 1048576K
}
Event: 9.205 GC heap before
{Heap before GC invocations=23 (full 0):
 garbage-first heap   total 187392K, used 150727K [0x0000000080000000, 0x0000000100000000)
  region size 1024K, 64 young (65536K), 4 survivors (4096K)
 Metaspace       used 89136K, capacity 91498K, committed 91852K, reserved 1128448K
  class space    used 11533K, capacity 12390K, committed 12492K, reserved 1048576K
}
Event: 9.212 GC heap after
{Heap after GC invocations=24 (full 0):
 garbage-first heap   total 187392K, used 94159K [0x0000000080000000, 0x0000000100000000)
  region size 1024K, 8 young (8192K), 8 survivors (8192K)
 Metaspace       used 89136K, capacity 91498K, committed 91852K, reserved 1128448K
  class space    used 11533K, capacity 12390K, committed 12492K, reserved 1048576K
}
Event: 9.419 GC heap before
{Heap before GC invocations=25 (full 0):
 garbage-first heap   total 187392K, used 151503K [0x0000000080000000, 0x0000000100000000)
  region size 1024K, 65 young (66560K), 8 survivors (8192K)
 Metaspace       used 89450K, capacity 91506K, committed 92492K, reserved 1128448K
  class space    used 11517K, capacity 12272K, committed 12620K, reserved 1048576K
}
Event: 9.429 GC heap after
{Heap after GC invocations=26 (full 0):
 garbage-first heap   total 225280K, used 105734K [0x0000000080000000, 0x0000000100000000)
  region size 1024K, 9 young (9216K), 9 survivors (9216K)
 Metaspace       used 89450K, capacity 91506K, committed 92492K, reserved 1128448K
  class space    used 11517K, capacity 12272K, committed 12620K, reserved 1048576K
}
Event: 9.540 GC heap before
{Heap before GC invocations=26 (full 0):
 garbage-first heap   total 225280K, used 172294K [0x0000000080000000, 0x0000000100000000)
  region size 1024K, 75 young (76800K), 9 survivors (9216K)
 Metaspace       used 91044K, capacity 93148K, committed 93900K, reserved 1130496K
  class space    used 11740K, capacity 12524K, committed 12748K, reserved 1048576K
}
Event: 9.545 GC heap after
{Heap after GC invocations=27 (full 0):
 garbage-first heap   total 225280K, used 119119K [0x0000000080000000, 0x0000000100000000)
  region size 1024K, 10 young (10240K), 10 survivors (10240K)
 Metaspace       used 91044K, capacity 93148K, committed 93900K, reserved 1130496K
  class space    used 11740K, capacity 12524K, committed 12748K, reserved 1048576K
}

