# JRE version: OpenJDK Runtime Environment (11.0.10) (build 11.0.10+0-b96-7249189)
# Java VM: OpenJDK 64-Bit Server VM (11.0.10+0-b96-7249189, mixed mode, tiered, compressed oops, g1 gc, windows-amd64)
Heap:
 garbage-first heap   total 405504K, used 334345K [0x0000000080000000, 0x0000000100000000)
  region size 1024K, 169 young (173056K), 15 survivors (15360K)
 Metaspace       used 114068K, capacity 116790K, committed 117120K, reserved 1150976K
  class space    used 14338K, capacity 15400K, committed 15488K, reserved 1048576K
GC Heap History (20 events):
Event: 29.870 GC heap before
{Heap before GC invocations=56 (full 0):
 garbage-first heap   total 337920K, used 171857K [0x0000000080000000, 0x0000000100000000)
  region size 1024K, 16 young (16384K), 8 survivors (8192K)
 Metaspace       used 109589K, capacity 112042K, committed 112256K, reserved 1146880K
  class space    used 13898K, capacity 14842K, committed 14976K, reserved 1048576K
}
Event: 29.882 GC heap after
{Heap after GC invocations=57 (full 0):
 garbage-first heap   total 337920K, used 163962K [0x0000000080000000, 0x0000000100000000)
  region size 1024K, 2 young (2048K), 2 survivors (2048K)
 Metaspace       used 109589K, capacity 112042K, committed 112256K, reserved 1146880K
  class space    used 13898K, capacity 14842K, committed 14976K, reserved 1048576K
}
Event: 30.394 GC heap before
{Heap before GC invocations=57 (full 0):
 garbage-first heap   total 337920K, used 241786K [0x0000000080000000, 0x0000000100000000)
  region size 1024K, 78 young (79872K), 2 survivors (2048K)
 Metaspace       used 110599K, capacity 113106K, committed 113408K, reserved 1146880K
  class space    used 14026K, capacity 14976K, committed 15104K, reserved 1048576K
}
Event: 30.400 GC heap after
{Heap after GC invocations=58 (full 0):
 garbage-first heap   total 337920K, used 164658K [0x0000000080000000, 0x0000000100000000)
  region size 1024K, 3 young (3072K), 3 survivors (3072K)
 Metaspace       used 110599K, capacity 113106K, committed 113408K, reserved 1146880K
  class space    used 14026K, capacity 14976K, committed 15104K, reserved 1048576K
}
Event: 30.860 GC heap before
{Heap before GC invocations=58 (full 0):
 garbage-first heap   total 337920K, used 252722K [0x0000000080000000, 0x0000000100000000)
  region size 1024K, 89 young (91136K), 3 survivors (3072K)
 Metaspace       used 111055K, capacity 113631K, committed 113920K, reserved 1148928K
  class space    used 14086K, capacity 15062K, committed 15104K, reserved 1048576K
}
Event: 30.866 GC heap after
{Heap after GC invocations=59 (full 0):
 garbage-first heap   total 337920K, used 165594K [0x0000000080000000, 0x0000000100000000)
  region size 1024K, 4 young (4096K), 4 survivors (4096K)
 Metaspace       used 111055K, capacity 113631K, committed 113920K, reserved 1148928K
  class space    used 14086K, capacity 15062K, committed 15104K, reserved 1048576K
}
Event: 31.314 GC heap before
{Heap before GC invocations=59 (full 0):
 garbage-first heap   total 337920K, used 261850K [0x0000000080000000, 0x0000000100000000)
  region size 1024K, 99 young (101376K), 4 survivors (4096K)
 Metaspace       used 111871K, capacity 114451K, committed 114560K, reserved 1148928K
  class space    used 14169K, capacity 15145K, committed 15232K, reserved 1048576K
}
Event: 31.321 GC heap after
{Heap after GC invocations=60 (full 0):
 garbage-first heap   total 337920K, used 167231K [0x0000000080000000, 0x0000000100000000)
  region size 1024K, 5 young (5120K), 5 survivors (5120K)
 Metaspace       used 111871K, capacity 114451K, committed 114560K, reserved 1148928K
  class space    used 14169K, capacity 15145K, committed 15232K, reserved 1048576K
}
Event: 31.764 GC heap before
{Heap before GC invocations=60 (full 0):
 garbage-first heap   total 337920K, used 272703K [0x0000000080000000, 0x0000000100000000)
  region size 1024K, 108 young (110592K), 5 survivors (5120K)
 Metaspace       used 112351K, capacity 114992K, committed 115200K, reserved 1148928K
  class space    used 14241K, capacity 15263K, committed 15360K, reserved 1048576K
}
Event: 31.772 GC heap after
{Heap after GC invocations=61 (full 0):
 garbage-first heap   total 337920K, used 168040K [0x0000000080000000, 0x0000000100000000)
  region size 1024K, 6 young (6144K), 6 survivors (6144K)
 Metaspace       used 112351K, capacity 114992K, committed 115200K, reserved 1148928K
  class space    used 14241K, capacity 15263K, committed 15360K, reserved 1048576K
}
Event: 32.166 GC heap before
{Heap before GC invocations=61 (full 0):
 garbage-first heap   total 337920K, used 278632K [0x0000000080000000, 0x0000000100000000)
  region size 1024K, 114 young (116736K), 6 survivors (6144K)
 Metaspace       used 112630K, capacity 115305K, committed 115456K, reserved 1148928K
  class space    used 14269K, capacity 15301K, committed 15360K, reserved 1048576K
}
Event: 32.176 GC heap after
{Heap after GC invocations=62 (full 0):
 garbage-first heap   total 337920K, used 168502K [0x0000000080000000, 0x0000000100000000)
  region size 1024K, 6 young (6144K), 6 survivors (6144K)
 Metaspace       used 112630K, capacity 115305K, committed 115456K, reserved 1148928K
  class space    used 14269K, capacity 15301K, committed 15360K, reserved 1048576K
}
Event: 32.575 GC heap before
{Heap before GC invocations=62 (full 0):
 garbage-first heap   total 337920K, used 283190K [0x0000000080000000, 0x0000000100000000)
  region size 1024K, 118 young (120832K), 6 survivors (6144K)
 Metaspace       used 112973K, capacity 115604K, committed 115712K, reserved 1148928K
  class space    used 14277K, capacity 15309K, committed 15360K, reserved 1048576K
}
Event: 32.585 GC heap after
{Heap after GC invocations=63 (full 0):
 garbage-first heap   total 337920K, used 170342K [0x0000000080000000, 0x0000000100000000)
  region size 1024K, 8 young (8192K), 8 survivors (8192K)
 Metaspace       used 112973K, capacity 115604K, committed 115712K, reserved 1148928K
  class space    used 14277K, capacity 15309K, committed 15360K, reserved 1048576K
}
Event: 32.915 GC heap before
{Heap before GC invocations=63 (full 0):
 garbage-first heap   total 337920K, used 285030K [0x0000000080000000, 0x0000000100000000)
  region size 1024K, 120 young (122880K), 8 survivors (8192K)
 Metaspace       used 113280K, capacity 116006K, committed 116224K, reserved 1150976K
  class space    used 14277K, capacity 15309K, committed 15360K, reserved 1048576K
}
Event: 32.928 GC heap after
{Heap after GC invocations=64 (full 0):
 garbage-first heap   total 405504K, used 171915K [0x0000000080000000, 0x0000000100000000)
  region size 1024K, 10 young (10240K), 10 survivors (10240K)
 Metaspace       used 113280K, capacity 116006K, committed 116224K, reserved 1150976K
  class space    used 14277K, capacity 15309K, committed 15360K, reserved 1048576K
}
Event: 33.307 GC heap before
{Heap before GC invocations=64 (full 0):
 garbage-first heap   total 405504K, used 319371K [0x0000000080000000, 0x0000000100000000)
  region size 1024K, 154 young (157696K), 10 survivors (10240K)
 Metaspace       used 113487K, capacity 116161K, committed 116224K, reserved 1150976K
  class space    used 14277K, capacity 15309K, committed 15360K, reserved 1048576K
}
Event: 33.320 GC heap after
{Heap after GC invocations=65 (full 0):
 garbage-first heap   total 405504K, used 173419K [0x0000000080000000, 0x0000000100000000)
  region size 1024K, 11 young (11264K), 11 survivors (11264K)
 Metaspace       used 113487K, capacity 116161K, committed 116224K, reserved 1150976K
  class space    used 14277K, capacity 15309K, committed 15360K, reserved 1048576K
}
Event: 34.281 GC heap before
{Heap before GC invocations=65 (full 0):
 garbage-first heap   total 405504K, used 346475K [0x0000000080000000, 0x0000000100000000)
  region size 1024K, 181 young (185344K), 11 survivors (11264K)
 Metaspace       used 113869K, capacity 116627K, committed 116864K, reserved 1150976K
  class space    used 14337K, capacity 15399K, committed 15488K, reserved 1048576K
}
Event: 34.297 GC heap after
{Heap after GC invocations=66 (full 0):
 garbage-first heap   total 405504K, used 177673K [0x0000000080000000, 0x0000000100000000)
  region size 1024K, 15 young (15360K), 15 survivors (15360K)
 Metaspace       used 113869K, capacity 116627K, committed 116864K, reserved 1150976K
  class space    used 14337K, capacity 15399K, committed 15488K, reserved 1048576K
}

