# JRE version: OpenJDK Runtime Environment (11.0.10) (build 11.0.10+0-b96-7249189)
# Java VM: OpenJDK 64-Bit Server VM (11.0.10+0-b96-7249189, mixed mode, tiered, compressed oops, g1 gc, windows-amd64)
Heap:
 garbage-first heap   total 453632K, used 165533K [0x0000000080000000, 0x0000000100000000)
  region size 1024K, 13 young (13312K), 13 survivors (13312K)
 Metaspace       used 100413K, capacity 103045K, committed 104012K, reserved 1138688K
  class space    used 13068K, capacity 14068K, committed 14412K, reserved 1048576K
GC Heap History (20 events):
Event: 9.289 GC heap after
{Heap after GC invocations=24 (full 0):
 garbage-first heap   total 270336K, used 112209K [0x0000000080000000, 0x0000000100000000)
  region size 1024K, 12 young (12288K), 12 survivors (12288K)
 Metaspace       used 90386K, capacity 92747K, committed 93004K, reserved 1130496K
  class space    used 11711K, capacity 12592K, committed 12620K, reserved 1048576K
}
Event: 9.657 GC heap before
{Heap before GC invocations=24 (full 0):
 garbage-first heap   total 270336K, used 207441K [0x0000000080000000, 0x0000000100000000)
  region size 1024K, 106 young (108544K), 12 survivors (12288K)
 Metaspace       used 93542K, capacity 96088K, committed 96332K, reserved 1132544K
  class space    used 12180K, capacity 13125K, committed 13132K, reserved 1048576K
}
Event: 9.676 GC heap after
{Heap after GC invocations=25 (full 0):
 garbage-first heap   total 270336K, used 123904K [0x0000000080000000, 0x0000000100000000)
  region size 1024K, 14 young (14336K), 14 survivors (14336K)
 Metaspace       used 93542K, capacity 96088K, committed 96332K, reserved 1132544K
  class space    used 12180K, capacity 13125K, committed 13132K, reserved 1048576K
}
Event: 9.887 GC heap before
{Heap before GC invocations=25 (full 0):
 garbage-first heap   total 270336K, used 206848K [0x0000000080000000, 0x0000000100000000)
  region size 1024K, 95 young (97280K), 14 survivors (14336K)
 Metaspace       used 94422K, capacity 97001K, committed 97356K, reserved 1132544K
  class space    used 12302K, capacity 13278K, committed 13388K, reserved 1048576K
}
Event: 9.915 GC heap after
{Heap after GC invocations=26 (full 0):
 garbage-first heap   total 270336K, used 137448K [0x0000000080000000, 0x0000000100000000)
  region size 1024K, 12 young (12288K), 12 survivors (12288K)
 Metaspace       used 94422K, capacity 97001K, committed 97356K, reserved 1132544K
  class space    used 12302K, capacity 13278K, committed 13388K, reserved 1048576K
}
Event: 10.072 GC heap before
{Heap before GC invocations=26 (full 0):
 garbage-first heap   total 270336K, used 209128K [0x0000000080000000, 0x0000000100000000)
  region size 1024K, 82 young (83968K), 12 survivors (12288K)
 Metaspace       used 96076K, capacity 98806K, committed 98892K, reserved 1134592K
  class space    used 12579K, capacity 13638K, committed 13644K, reserved 1048576K
}
Event: 10.108 GC heap after
{Heap after GC invocations=27 (full 0):
 garbage-first heap   total 270336K, used 151521K [0x0000000080000000, 0x0000000100000000)
  region size 1024K, 11 young (11264K), 11 survivors (11264K)
 Metaspace       used 96076K, capacity 98806K, committed 98892K, reserved 1134592K
  class space    used 12579K, capacity 13638K, committed 13644K, reserved 1048576K
}
Event: 10.615 GC heap before
{Heap before GC invocations=28 (full 0):
 garbage-first heap   total 270336K, used 213985K [0x0000000080000000, 0x0000000100000000)
  region size 1024K, 72 young (73728K), 11 survivors (11264K)
 Metaspace       used 98834K, capacity 101346K, committed 102476K, reserved 1136640K
  class space    used 12946K, capacity 13941K, committed 14412K, reserved 1048576K
}
Event: 10.639 GC heap after
{Heap after GC invocations=29 (full 0):
 garbage-first heap   total 385024K, used 157625K [0x0000000080000000, 0x0000000100000000)
  region size 1024K, 6 young (6144K), 6 survivors (6144K)
 Metaspace       used 98834K, capacity 101346K, committed 102476K, reserved 1136640K
  class space    used 12946K, capacity 13941K, committed 14412K, reserved 1048576K
}
Event: 11.034 GC heap before
{Heap before GC invocations=29 (full 0):
 garbage-first heap   total 385024K, used 259001K [0x0000000080000000, 0x0000000100000000)
  region size 1024K, 105 young (107520K), 6 survivors (6144K)
 Metaspace       used 99532K, capacity 102040K, committed 103244K, reserved 1138688K
  class space    used 13037K, capacity 14019K, committed 14412K, reserved 1048576K
}
Event: 11.044 GC heap after
{Heap after GC invocations=30 (full 0):
 garbage-first heap   total 385024K, used 158365K [0x0000000080000000, 0x0000000100000000)
  region size 1024K, 6 young (6144K), 6 survivors (6144K)
 Metaspace       used 99532K, capacity 102040K, committed 103244K, reserved 1138688K
  class space    used 13037K, capacity 14019K, committed 14412K, reserved 1048576K
}
Event: 11.415 GC heap before
{Heap before GC invocations=30 (full 0):
 garbage-first heap   total 385024K, used 285341K [0x0000000080000000, 0x0000000100000000)
  region size 1024K, 130 young (133120K), 6 survivors (6144K)
 Metaspace       used 99573K, capacity 102150K, committed 103244K, reserved 1138688K
  class space    used 13048K, capacity 14056K, committed 14412K, reserved 1048576K
}
Event: 11.425 GC heap after
{Heap after GC invocations=31 (full 0):
 garbage-first heap   total 385024K, used 159339K [0x0000000080000000, 0x0000000100000000)
  region size 1024K, 7 young (7168K), 7 survivors (7168K)
 Metaspace       used 99573K, capacity 102150K, committed 103244K, reserved 1138688K
  class space    used 13048K, capacity 14056K, committed 14412K, reserved 1048576K
}
Event: 11.803 GC heap before
{Heap before GC invocations=31 (full 0):
 garbage-first heap   total 385024K, used 290411K [0x0000000080000000, 0x0000000100000000)
  region size 1024K, 135 young (138240K), 7 survivors (7168K)
 Metaspace       used 99790K, capacity 102352K, committed 103500K, reserved 1138688K
  class space    used 13058K, capacity 14059K, committed 14412K, reserved 1048576K
}
Event: 11.814 GC heap after
{Heap after GC invocations=32 (full 0):
 garbage-first heap   total 385024K, used 160413K [0x0000000080000000, 0x0000000100000000)
  region size 1024K, 8 young (8192K), 8 survivors (8192K)
 Metaspace       used 99790K, capacity 102352K, committed 103500K, reserved 1138688K
  class space    used 13058K, capacity 14059K, committed 14412K, reserved 1048576K
}
Event: 12.172 GC heap before
{Heap before GC invocations=32 (full 0):
 garbage-first heap   total 385024K, used 296605K [0x0000000080000000, 0x0000000100000000)
  region size 1024K, 141 young (144384K), 8 survivors (8192K)
 Metaspace       used 99974K, capacity 102625K, committed 103756K, reserved 1138688K
  class space    used 13065K, capacity 14064K, committed 14412K, reserved 1048576K
}
Event: 12.187 GC heap after
{Heap after GC invocations=33 (full 0):
 garbage-first heap   total 385024K, used 162639K [0x0000000080000000, 0x0000000100000000)
  region size 1024K, 11 young (11264K), 11 survivors (11264K)
 Metaspace       used 99974K, capacity 102625K, committed 103756K, reserved 1138688K
  class space    used 13065K, capacity 14064K, committed 14412K, reserved 1048576K
}
Event: 12.532 GC heap before
{Heap before GC invocations=33 (full 0):
 garbage-first heap   total 385024K, used 301903K [0x0000000080000000, 0x0000000100000000)
  region size 1024K, 147 young (150528K), 11 survivors (11264K)
 Metaspace       used 100081K, capacity 102705K, committed 103756K, reserved 1138688K
  class space    used 13068K, capacity 14068K, committed 14412K, reserved 1048576K
}
Event: 12.547 GC heap after
{Heap after GC invocations=34 (full 0):
 garbage-first heap   total 385024K, used 163709K [0x0000000080000000, 0x0000000100000000)
  region size 1024K, 12 young (12288K), 12 survivors (12288K)
 Metaspace       used 100081K, capacity 102705K, committed 103756K, reserved 1138688K
  class space    used 13068K, capacity 14068K, committed 14412K, reserved 1048576K
}
Event: 12.848 GC heap before
{Heap before GC invocations=34 (full 0):
 garbage-first heap   total 385024K, used 317309K [0x0000000080000000, 0x0000000100000000)
  region size 1024K, 162 young (165888K), 12 survivors (12288K)
 Metaspace       used 100413K, capacity 103045K, committed 104012K, reserved 1138688K
  class space    used 13068K, capacity 14068K, committed 14412K, reserved 1048576K
}

