# JRE version: OpenJDK Runtime Environment (11.0.10) (build 11.0.10+0-b96-7249189)
# Java VM: OpenJDK 64-Bit Server VM (11.0.10+0-b96-7249189, mixed mode, tiered, compressed oops, g1 gc, windows-amd64)
Heap:
 garbage-first heap   total 409600K, used 178704K [0x0000000080000000, 0x0000000100000000)
  region size 1024K, 4 young (4096K), 4 survivors (4096K)
 Metaspace       used 122275K, capacity 125662K, committed 125824K, reserved 1159168K
  class space    used 15426K, capacity 16733K, committed 16768K, reserved 1048576K
GC Heap History (20 events):
Event: 2170.891 GC heap after
{Heap after GC invocations=50 (full 0):
 garbage-first heap   total 273408K, used 120791K [0x0000000080000000, 0x0000000100000000)
  region size 1024K, 14 young (14336K), 14 survivors (14336K)
 Metaspace       used 120853K, capacity 124209K, committed 124544K, reserved 1157120K
  class space    used 15367K, capacity 16672K, committed 16768K, reserved 1048576K
}
Event: 2171.071 GC heap before
{Heap before GC invocations=50 (full 0):
 garbage-first heap   total 273408K, used 223191K [0x0000000080000000, 0x0000000100000000)
  region size 1024K, 115 young (117760K), 14 survivors (14336K)
 Metaspace       used 120896K, capacity 124284K, committed 124544K, reserved 1157120K
  class space    used 15376K, capacity 16676K, committed 16768K, reserved 1048576K
}
Event: 2171.081 GC heap after
{Heap after GC invocations=51 (full 0):
 garbage-first heap   total 273408K, used 124788K [0x0000000080000000, 0x0000000100000000)
  region size 1024K, 8 young (8192K), 8 survivors (8192K)
 Metaspace       used 120896K, capacity 124284K, committed 124544K, reserved 1157120K
  class space    used 15376K, capacity 16676K, committed 16768K, reserved 1048576K
}
Event: 2171.245 GC heap before
{Heap before GC invocations=51 (full 0):
 garbage-first heap   total 273408K, used 224116K [0x0000000080000000, 0x0000000100000000)
  region size 1024K, 105 young (107520K), 8 survivors (8192K)
 Metaspace       used 121035K, capacity 124372K, committed 124544K, reserved 1157120K
  class space    used 15385K, capacity 16684K, committed 16768K, reserved 1048576K
}
Event: 2171.252 GC heap after
{Heap after GC invocations=52 (full 0):
 garbage-first heap   total 273408K, used 127718K [0x0000000080000000, 0x0000000100000000)
  region size 1024K, 11 young (11264K), 11 survivors (11264K)
 Metaspace       used 121035K, capacity 124372K, committed 124544K, reserved 1157120K
  class space    used 15385K, capacity 16684K, committed 16768K, reserved 1048576K
}
Event: 2171.424 GC heap before
{Heap before GC invocations=52 (full 0):
 garbage-first heap   total 273408K, used 224998K [0x0000000080000000, 0x0000000100000000)
  region size 1024K, 107 young (109568K), 11 survivors (11264K)
 Metaspace       used 121294K, capacity 124665K, committed 124800K, reserved 1157120K
  class space    used 15392K, capacity 16690K, committed 16768K, reserved 1048576K
}
Event: 2171.431 GC heap after
{Heap after GC invocations=53 (full 0):
 garbage-first heap   total 273408K, used 129050K [0x0000000080000000, 0x0000000100000000)
  region size 1024K, 7 young (7168K), 7 survivors (7168K)
 Metaspace       used 121294K, capacity 124665K, committed 124800K, reserved 1157120K
  class space    used 15392K, capacity 16690K, committed 16768K, reserved 1048576K
}
Event: 2171.584 GC heap before
{Heap before GC invocations=53 (full 0):
 garbage-first heap   total 273408K, used 233498K [0x0000000080000000, 0x0000000100000000)
  region size 1024K, 111 young (113664K), 7 survivors (7168K)
 Metaspace       used 121493K, capacity 124868K, committed 125056K, reserved 1157120K
  class space    used 15393K, capacity 16692K, committed 16768K, reserved 1048576K
}
Event: 2171.591 GC heap after
{Heap after GC invocations=54 (full 0):
 garbage-first heap   total 273408K, used 137539K [0x0000000080000000, 0x0000000100000000)
  region size 1024K, 14 young (14336K), 14 survivors (14336K)
 Metaspace       used 121493K, capacity 124868K, committed 125056K, reserved 1157120K
  class space    used 15393K, capacity 16692K, committed 16768K, reserved 1048576K
}
Event: 2171.722 GC heap before
{Heap before GC invocations=54 (full 0):
 garbage-first heap   total 273408K, used 226627K [0x0000000080000000, 0x0000000100000000)
  region size 1024K, 102 young (104448K), 14 survivors (14336K)
 Metaspace       used 121658K, capacity 125017K, committed 125312K, reserved 1157120K
  class space    used 15395K, capacity 16695K, committed 16768K, reserved 1048576K
}
Event: 2171.731 GC heap after
{Heap after GC invocations=55 (full 0):
 garbage-first heap   total 273408K, used 142943K [0x0000000080000000, 0x0000000100000000)
  region size 1024K, 10 young (10240K), 10 survivors (10240K)
 Metaspace       used 121658K, capacity 125017K, committed 125312K, reserved 1157120K
  class space    used 15395K, capacity 16695K, committed 16768K, reserved 1048576K
}
Event: 2171.862 GC heap before
{Heap before GC invocations=55 (full 0):
 garbage-first heap   total 273408K, used 224863K [0x0000000080000000, 0x0000000100000000)
  region size 1024K, 91 young (93184K), 10 survivors (10240K)
 Metaspace       used 121881K, capacity 125271K, committed 125312K, reserved 1157120K
  class space    used 15414K, capacity 16728K, committed 16768K, reserved 1048576K
}
Event: 2171.876 GC heap after
{Heap after GC invocations=56 (full 0):
 garbage-first heap   total 273408K, used 152576K [0x0000000080000000, 0x0000000100000000)
  region size 1024K, 12 young (12288K), 12 survivors (12288K)
 Metaspace       used 121881K, capacity 125271K, committed 125312K, reserved 1157120K
  class space    used 15414K, capacity 16728K, committed 16768K, reserved 1048576K
}
Event: 2172.002 GC heap before
{Heap before GC invocations=56 (full 0):
 garbage-first heap   total 273408K, used 223232K [0x0000000080000000, 0x0000000100000000)
  region size 1024K, 82 young (83968K), 12 survivors (12288K)
 Metaspace       used 122007K, capacity 125370K, committed 125568K, reserved 1159168K
  class space    used 15416K, capacity 16730K, committed 16768K, reserved 1048576K
}
Event: 2172.018 GC heap after
{Heap after GC invocations=57 (full 0):
 garbage-first heap   total 273408K, used 162491K [0x0000000080000000, 0x0000000100000000)
  region size 1024K, 11 young (11264K), 11 survivors (11264K)
 Metaspace       used 122007K, capacity 125370K, committed 125568K, reserved 1159168K
  class space    used 15416K, capacity 16730K, committed 16768K, reserved 1048576K
}
Event: 2172.109 GC heap before
{Heap before GC invocations=57 (full 0):
 garbage-first heap   total 273408K, used 222907K [0x0000000080000000, 0x0000000100000000)
  region size 1024K, 71 young (72704K), 11 survivors (11264K)
 Metaspace       used 122138K, capacity 125518K, committed 125568K, reserved 1159168K
  class space    used 15417K, capacity 16732K, committed 16768K, reserved 1048576K
}
Event: 2172.122 GC heap after
{Heap after GC invocations=58 (full 0):
 garbage-first heap   total 273408K, used 170440K [0x0000000080000000, 0x0000000100000000)
  region size 1024K, 9 young (9216K), 9 survivors (9216K)
 Metaspace       used 122138K, capacity 125518K, committed 125568K, reserved 1159168K
  class space    used 15417K, capacity 16732K, committed 16768K, reserved 1048576K
}
Event: 2172.194 GC heap before
{Heap before GC invocations=58 (full 0):
 garbage-first heap   total 273408K, used 225736K [0x0000000080000000, 0x0000000100000000)
  region size 1024K, 64 young (65536K), 9 survivors (9216K)
 Metaspace       used 122200K, capacity 125589K, committed 125824K, reserved 1159168K
  class space    used 15423K, capacity 16733K, committed 16768K, reserved 1048576K
}
Event: 2172.204 GC heap after
{Heap after GC invocations=59 (full 0):
 garbage-first heap   total 273408K, used 176204K [0x0000000080000000, 0x0000000100000000)
  region size 1024K, 7 young (7168K), 7 survivors (7168K)
 Metaspace       used 122200K, capacity 125589K, committed 125824K, reserved 1159168K
  class space    used 15423K, capacity 16733K, committed 16768K, reserved 1048576K
}
Event: 2172.302 GC heap before
{Heap before GC invocations=59 (full 0):
 garbage-first heap   total 273408K, used 231500K [0x0000000080000000, 0x0000000100000000)
  region size 1024K, 61 young (62464K), 7 survivors (7168K)
 Metaspace       used 122275K, capacity 125662K, committed 125824K, reserved 1159168K
  class space    used 15426K, capacity 16733K, committed 16768K, reserved 1048576K
}

