# JRE version: OpenJDK Runtime Environment (11.0.10) (build 11.0.10+0-b96-7249189)
# Java VM: OpenJDK 64-Bit Server VM (11.0.10+0-b96-7249189, mixed mode, tiered, compressed oops, g1 gc, windows-amd64)
Heap:
 garbage-first heap   total 409600K, used 226697K [0x0000000080000000, 0x0000000100000000)
  region size 1024K, 69 young (70656K), 2 survivors (2048K)
 Metaspace       used 100177K, capacity 102896K, committed 103244K, reserved 1138688K
  class space    used 13158K, capacity 14229K, committed 14412K, reserved 1048576K
GC Heap History (20 events):
Event: 9.019 GC heap before
{Heap before GC invocations=22 (full 0):
 garbage-first heap   total 225280K, used 163850K [0x0000000080000000, 0x0000000100000000)
  region size 1024K, 85 young (87040K), 7 survivors (7168K)
 Metaspace       used 87126K, capacity 89423K, committed 89548K, reserved 1126400K
  class space    used 11302K, capacity 12144K, committed 12236K, reserved 1048576K
}
Event: 9.025 GC heap after
{Heap after GC invocations=23 (full 0):
 garbage-first heap   total 225280K, used 87469K [0x0000000080000000, 0x0000000100000000)
  region size 1024K, 9 young (9216K), 9 survivors (9216K)
 Metaspace       used 87126K, capacity 89423K, committed 89548K, reserved 1126400K
  class space    used 11302K, capacity 12144K, committed 12236K, reserved 1048576K
}
Event: 9.499 GC heap before
{Heap before GC invocations=23 (full 0):
 garbage-first heap   total 225280K, used 174509K [0x0000000080000000, 0x0000000100000000)
  region size 1024K, 95 young (97280K), 9 survivors (9216K)
 Metaspace       used 89079K, capacity 91374K, committed 91468K, reserved 1128448K
  class space    used 11505K, capacity 12349K, committed 12364K, reserved 1048576K
}
Event: 9.512 GC heap after
{Heap after GC invocations=24 (full 0):
 garbage-first heap   total 225280K, used 92178K [0x0000000080000000, 0x0000000100000000)
  region size 1024K, 10 young (10240K), 10 survivors (10240K)
 Metaspace       used 89079K, capacity 91374K, committed 91468K, reserved 1128448K
  class space    used 11505K, capacity 12349K, committed 12364K, reserved 1048576K
}
Event: 9.716 GC heap before
{Heap before GC invocations=24 (full 0):
 garbage-first heap   total 225280K, used 175122K [0x0000000080000000, 0x0000000100000000)
  region size 1024K, 92 young (94208K), 10 survivors (10240K)
 Metaspace       used 90534K, capacity 92878K, committed 93004K, reserved 1130496K
  class space    used 11722K, capacity 12593K, committed 12620K, reserved 1048576K
}
Event: 9.729 GC heap after
{Heap after GC invocations=25 (full 0):
 garbage-first heap   total 225280K, used 111534K [0x0000000080000000, 0x0000000100000000)
  region size 1024K, 12 young (12288K), 12 survivors (12288K)
 Metaspace       used 90534K, capacity 92878K, committed 93004K, reserved 1130496K
  class space    used 11722K, capacity 12593K, committed 12620K, reserved 1048576K
}
Event: 10.026 GC heap before
{Heap before GC invocations=25 (full 0):
 garbage-first heap   total 225280K, used 175022K [0x0000000080000000, 0x0000000100000000)
  region size 1024K, 75 young (76800K), 12 survivors (12288K)
 Metaspace       used 92877K, capacity 95417K, committed 95564K, reserved 1132544K
  class space    used 12071K, capacity 13030K, committed 13132K, reserved 1048576K
}
Event: 10.039 GC heap after
{Heap after GC invocations=26 (full 0):
 garbage-first heap   total 225280K, used 119808K [0x0000000080000000, 0x0000000100000000)
  region size 1024K, 10 young (10240K), 10 survivors (10240K)
 Metaspace       used 92877K, capacity 95417K, committed 95564K, reserved 1132544K
  class space    used 12071K, capacity 13030K, committed 13132K, reserved 1048576K
}
Event: 10.210 GC heap before
{Heap before GC invocations=26 (full 0):
 garbage-first heap   total 225280K, used 177152K [0x0000000080000000, 0x0000000100000000)
  region size 1024K, 66 young (67584K), 10 survivors (10240K)
 Metaspace       used 93864K, capacity 96417K, committed 96716K, reserved 1132544K
  class space    used 12220K, capacity 13193K, committed 13260K, reserved 1048576K
}
Event: 10.234 GC heap after
{Heap after GC invocations=27 (full 0):
 garbage-first heap   total 270336K, used 127701K [0x0000000080000000, 0x0000000100000000)
  region size 1024K, 9 young (9216K), 9 survivors (9216K)
 Metaspace       used 93864K, capacity 96417K, committed 96716K, reserved 1132544K
  class space    used 12220K, capacity 13193K, committed 13260K, reserved 1048576K
}
Event: 10.508 GC heap before
{Heap before GC invocations=27 (full 0):
 garbage-first heap   total 270336K, used 199381K [0x0000000080000000, 0x0000000100000000)
  region size 1024K, 80 young (81920K), 9 survivors (9216K)
 Metaspace       used 93945K, capacity 96282K, committed 97100K, reserved 1132544K
  class space    used 12157K, capacity 13027K, committed 13388K, reserved 1048576K
}
Event: 10.533 GC heap after
{Heap after GC invocations=28 (full 0):
 garbage-first heap   total 270336K, used 141916K [0x0000000080000000, 0x0000000100000000)
  region size 1024K, 10 young (10240K), 10 survivors (10240K)
 Metaspace       used 93945K, capacity 96282K, committed 97100K, reserved 1132544K
  class space    used 12157K, capacity 13027K, committed 13388K, reserved 1048576K
}
Event: 10.647 GC heap before
{Heap before GC invocations=29 (full 0):
 garbage-first heap   total 270336K, used 207452K [0x0000000080000000, 0x0000000100000000)
  region size 1024K, 74 young (75776K), 10 survivors (10240K)
 Metaspace       used 95206K, capacity 97651K, committed 98124K, reserved 1134592K
  class space    used 12352K, capacity 13290K, committed 13388K, reserved 1048576K
}
Event: 10.671 GC heap after
{Heap after GC invocations=30 (full 0):
 garbage-first heap   total 270336K, used 154451K [0x0000000080000000, 0x0000000100000000)
  region size 1024K, 10 young (10240K), 10 survivors (10240K)
 Metaspace       used 95206K, capacity 97651K, committed 98124K, reserved 1134592K
  class space    used 12352K, capacity 13290K, committed 13388K, reserved 1048576K
}
Event: 11.036 GC heap before
{Heap before GC invocations=30 (full 0):
 garbage-first heap   total 270336K, used 212819K [0x0000000080000000, 0x0000000100000000)
  region size 1024K, 68 young (69632K), 10 survivors (10240K)
 Metaspace       used 99385K, capacity 102173K, committed 102348K, reserved 1136640K
  class space    used 13109K, capacity 14197K, committed 14284K, reserved 1048576K
}
Event: 11.052 GC heap after
{Heap after GC invocations=31 (full 0):
 garbage-first heap   total 270336K, used 159744K [0x0000000080000000, 0x0000000100000000)
  region size 1024K, 4 young (4096K), 4 survivors (4096K)
 Metaspace       used 99385K, capacity 102173K, committed 102348K, reserved 1136640K
  class space    used 13109K, capacity 14197K, committed 14284K, reserved 1048576K
}
Event: 11.482 GC heap before
{Heap before GC invocations=32 (full 0):
 garbage-first heap   total 270336K, used 218112K [0x0000000080000000, 0x0000000100000000)
  region size 1024K, 61 young (62464K), 4 survivors (4096K)
 Metaspace       used 100035K, capacity 102737K, committed 103116K, reserved 1138688K
  class space    used 13128K, capacity 14154K, committed 14284K, reserved 1048576K
}
Event: 11.492 GC heap after
{Heap after GC invocations=33 (full 0):
 garbage-first heap   total 409600K, used 159872K [0x0000000080000000, 0x0000000100000000)
  region size 1024K, 5 young (5120K), 5 survivors (5120K)
 Metaspace       used 100035K, capacity 102737K, committed 103116K, reserved 1138688K
  class space    used 13128K, capacity 14154K, committed 14284K, reserved 1048576K
}
Event: 11.539 GC heap before
{Heap before GC invocations=33 (full 0):
 garbage-first heap   total 409600K, used 175232K [0x0000000080000000, 0x0000000100000000)
  region size 1024K, 20 young (20480K), 5 survivors (5120K)
 Metaspace       used 100094K, capacity 102780K, committed 103244K, reserved 1138688K
  class space    used 13138K, capacity 14190K, committed 14412K, reserved 1048576K
}
Event: 11.545 GC heap after
{Heap after GC invocations=34 (full 0):
 garbage-first heap   total 409600K, used 160137K [0x0000000080000000, 0x0000000100000000)
  region size 1024K, 2 young (2048K), 2 survivors (2048K)
 Metaspace       used 100094K, capacity 102780K, committed 103244K, reserved 1138688K
  class space    used 13138K, capacity 14190K, committed 14412K, reserved 1048576K
}

